# JRE version: OpenJDK Runtime Environment Temurin-17.0.11+9 (17.0.11+9) (build 17.0.11+9)
# Java VM: OpenJDK 64-Bit Server VM Temurin-17.0.11+9 (17.0.11+9, mixed mode, tiered, compressed oops, compressed class ptrs, parallel gc, windows-amd64)
GC Precious Log:
 CPUs: 24 total, 24 available
 Memory: 65254M
 Large Page Support: Disabled
 NUMA Support: Disabled
 Compressed Oops: Enabled (32-bit)
 Alignments: Space 512K, Generation 512K, Heap 2M
 Heap Min Capacity: 100M
 Heap Initial Capacity: 100M
 Heap Max Capacity: 1G
 Pre-touch: Disabled
 Parallel Workers: 18
Heap:
 PSYoungGen      total 14336K, used 2774K [0x00000000eab00000, 0x00000000ebc00000, 0x0000000100000000)
  eden space 12800K, 9% used [0x00000000eab00000,0x00000000eac39880,0x00000000eb780000)
  from space 1536K, 99% used [0x00000000eb780000,0x00000000eb8fc300,0x00000000eb900000)
  to   space 1536K, 0% used [0x00000000eb900000,0x00000000eb900000,0x00000000eba80000)
 ParOldGen       total 629760K, used 619833K [0x00000000c0000000, 0x00000000e6700000, 0x00000000eab00000)
  object space 629760K, 98% used [0x00000000c0000000,0x00000000e5d4e550,0x00000000e6700000)
 Metaspace       used 91474K, committed 92672K, reserved 1179648K
  class space    used 8683K, committed 9216K, reserved 1048576K
GC Heap History (20 events):
Event: 14312.653 GC heap before
{Heap before GC invocations=9196 (full 202):
 PSYoungGen      total 14336K, used 14321K [0x00000000eab00000, 0x00000000ecf00000, 0x0000000100000000)
  eden space 9216K, 100% used [0x00000000eab00000,0x00000000eb400000,0x00000000eb400000)
  from space 5120K, 99% used [0x00000000eb400000,0x00000000eb8fc7e8,0x00000000eb900000)
  to   space 13824K, 0% used [0x00000000ec180000,0x00000000ec180000,0x00000000ecf00000)
 ParOldGen       total 629760K, used 611536K [0x00000000c0000000, 0x00000000e6700000, 0x00000000eab00000)
  object space 629760K, 97% used [0x00000000c0000000,0x00000000e5534198,0x00000000e6700000)
 Metaspace       used 91443K, committed 92544K, reserved 1179648K
  class space    used 8682K, committed 9216K, reserved 1048576K
}
Event: 14312.655 GC heap after
{Heap after GC invocations=9196 (full 202):
 PSYoungGen      total 16384K, used 5702K [0x00000000eab00000, 0x00000000ec780000, 0x0000000100000000)
  eden space 10240K, 0% used [0x00000000eab00000,0x00000000eab00000,0x00000000eb500000)
  from space 6144K, 92% used [0x00000000ec180000,0x00000000ec711b10,0x00000000ec780000)
  to   space 8192K, 0% used [0x00000000eb780000,0x00000000eb780000,0x00000000ebf80000)
 ParOldGen       total 629760K, used 613595K [0x00000000c0000000, 0x00000000e6700000, 0x00000000eab00000)
  object space 629760K, 97% used [0x00000000c0000000,0x00000000e5736e38,0x00000000e6700000)
 Metaspace       used 91443K, committed 92544K, reserved 1179648K
  class space    used 8682K, committed 9216K, reserved 1048576K
}
Event: 14312.669 GC heap before
{Heap before GC invocations=9197 (full 202):
 PSYoungGen      total 16384K, used 15942K [0x00000000eab00000, 0x00000000ec780000, 0x0000000100000000)
  eden space 10240K, 100% used [0x00000000eab00000,0x00000000eb500000,0x00000000eb500000)
  from space 6144K, 92% used [0x00000000ec180000,0x00000000ec711b10,0x00000000ec780000)
  to   space 8192K, 0% used [0x00000000eb780000,0x00000000eb780000,0x00000000ebf80000)
 ParOldGen       total 629760K, used 613595K [0x00000000c0000000, 0x00000000e6700000, 0x00000000eab00000)
  object space 629760K, 97% used [0x00000000c0000000,0x00000000e5736e38,0x00000000e6700000)
 Metaspace       used 91443K, committed 92544K, reserved 1179648K
  class space    used 8682K, committed 9216K, reserved 1048576K
}
Event: 14312.671 GC heap after
{Heap after GC invocations=9197 (full 202):
 PSYoungGen      total 15360K, used 3994K [0x00000000eab00000, 0x00000000ec200000, 0x0000000100000000)
  eden space 11264K, 0% used [0x00000000eab00000,0x00000000eab00000,0x00000000eb600000)
  from space 4096K, 97% used [0x00000000eb780000,0x00000000ebb66920,0x00000000ebb80000)
  to   space 5120K, 0% used [0x00000000ebd00000,0x00000000ebd00000,0x00000000ec200000)
 ParOldGen       total 629760K, used 613595K [0x00000000c0000000, 0x00000000e6700000, 0x00000000eab00000)
  object space 629760K, 97% used [0x00000000c0000000,0x00000000e5736e38,0x00000000e6700000)
 Metaspace       used 91443K, committed 92544K, reserved 1179648K
  class space    used 8682K, committed 9216K, reserved 1048576K
}
Event: 14313.427 GC heap before
{Heap before GC invocations=9198 (full 202):
 PSYoungGen      total 15360K, used 15258K [0x00000000eab00000, 0x00000000ec200000, 0x0000000100000000)
  eden space 11264K, 100% used [0x00000000eab00000,0x00000000eb600000,0x00000000eb600000)
  from space 4096K, 97% used [0x00000000eb780000,0x00000000ebb66920,0x00000000ebb80000)
  to   space 5120K, 0% used [0x00000000ebd00000,0x00000000ebd00000,0x00000000ec200000)
 ParOldGen       total 629760K, used 613595K [0x00000000c0000000, 0x00000000e6700000, 0x00000000eab00000)
  object space 629760K, 97% used [0x00000000c0000000,0x00000000e5736e38,0x00000000e6700000)
 Metaspace       used 91443K, committed 92544K, reserved 1179648K
  class space    used 8682K, committed 9216K, reserved 1048576K
}
Event: 14313.428 GC heap after
{Heap after GC invocations=9198 (full 202):
 PSYoungGen      total 15872K, used 4180K [0x00000000eab00000, 0x00000000ec180000, 0x0000000100000000)
  eden space 11264K, 0% used [0x00000000eab00000,0x00000000eab00000,0x00000000eb600000)
  from space 4608K, 90% used [0x00000000ebd00000,0x00000000ec115220,0x00000000ec180000)
  to   space 4608K, 0% used [0x00000000eb880000,0x00000000eb880000,0x00000000ebd00000)
 ParOldGen       total 629760K, used 613595K [0x00000000c0000000, 0x00000000e6700000, 0x00000000eab00000)
  object space 629760K, 97% used [0x00000000c0000000,0x00000000e5736e38,0x00000000e6700000)
 Metaspace       used 91443K, committed 92544K, reserved 1179648K
  class space    used 8682K, committed 9216K, reserved 1048576K
}
Event: 14313.486 GC heap before
{Heap before GC invocations=9199 (full 202):
 PSYoungGen      total 15872K, used 15444K [0x00000000eab00000, 0x00000000ec180000, 0x0000000100000000)
  eden space 11264K, 100% used [0x00000000eab00000,0x00000000eb600000,0x00000000eb600000)
  from space 4608K, 90% used [0x00000000ebd00000,0x00000000ec115220,0x00000000ec180000)
  to   space 4608K, 0% used [0x00000000eb880000,0x00000000eb880000,0x00000000ebd00000)
 ParOldGen       total 629760K, used 613595K [0x00000000c0000000, 0x00000000e6700000, 0x00000000eab00000)
  object space 629760K, 97% used [0x00000000c0000000,0x00000000e5736e38,0x00000000e6700000)
 Metaspace       used 91466K, committed 92608K, reserved 1179648K
  class space    used 8682K, committed 9216K, reserved 1048576K
}
Event: 14313.488 GC heap after
{Heap after GC invocations=9199 (full 202):
 PSYoungGen      total 15872K, used 4600K [0x00000000eab00000, 0x00000000ec000000, 0x0000000100000000)
  eden space 11264K, 0% used [0x00000000eab00000,0x00000000eab00000,0x00000000eb600000)
  from space 4608K, 99% used [0x00000000eb880000,0x00000000ebcfe088,0x00000000ebd00000)
  to   space 3072K, 0% used [0x00000000ebd00000,0x00000000ebd00000,0x00000000ec000000)
 ParOldGen       total 629760K, used 613683K [0x00000000c0000000, 0x00000000e6700000, 0x00000000eab00000)
  object space 629760K, 97% used [0x00000000c0000000,0x00000000e574ce38,0x00000000e6700000)
 Metaspace       used 91466K, committed 92608K, reserved 1179648K
  class space    used 8682K, committed 9216K, reserved 1048576K
}
Event: 14313.579 GC heap before
{Heap before GC invocations=9200 (full 202):
 PSYoungGen      total 15872K, used 15864K [0x00000000eab00000, 0x00000000ec000000, 0x0000000100000000)
  eden space 11264K, 100% used [0x00000000eab00000,0x00000000eb600000,0x00000000eb600000)
  from space 4608K, 99% used [0x00000000eb880000,0x00000000ebcfe088,0x00000000ebd00000)
  to   space 3072K, 0% used [0x00000000ebd00000,0x00000000ebd00000,0x00000000ec000000)
 ParOldGen       total 629760K, used 613683K [0x00000000c0000000, 0x00000000e6700000, 0x00000000eab00000)
  object space 629760K, 97% used [0x00000000c0000000,0x00000000e574ce38,0x00000000e6700000)
 Metaspace       used 91470K, committed 92608K, reserved 1179648K
  class space    used 8682K, committed 9216K, reserved 1048576K
}
Event: 14313.581 GC heap after
{Heap after GC invocations=9200 (full 202):
 PSYoungGen      total 14336K, used 3070K [0x00000000eab00000, 0x00000000ec300000, 0x0000000100000000)
  eden space 11264K, 0% used [0x00000000eab00000,0x00000000eab00000,0x00000000eb600000)
  from space 3072K, 99% used [0x00000000ebd00000,0x00000000ebfffb20,0x00000000ec000000)
  to   space 6656K, 0% used [0x00000000eb600000,0x00000000eb600000,0x00000000ebc80000)
 ParOldGen       total 629760K, used 616577K [0x00000000c0000000, 0x00000000e6700000, 0x00000000eab00000)
  object space 629760K, 97% used [0x00000000c0000000,0x00000000e5a20500,0x00000000e6700000)
 Metaspace       used 91470K, committed 92608K, reserved 1179648K
  class space    used 8682K, committed 9216K, reserved 1048576K
}
Event: 14313.589 GC heap before
{Heap before GC invocations=9201 (full 202):
 PSYoungGen      total 14336K, used 14334K [0x00000000eab00000, 0x00000000ec300000, 0x0000000100000000)
  eden space 11264K, 100% used [0x00000000eab00000,0x00000000eb600000,0x00000000eb600000)
  from space 3072K, 99% used [0x00000000ebd00000,0x00000000ebfffb20,0x00000000ec000000)
  to   space 6656K, 0% used [0x00000000eb600000,0x00000000eb600000,0x00000000ebc80000)
 ParOldGen       total 629760K, used 616577K [0x00000000c0000000, 0x00000000e6700000, 0x00000000eab00000)
  object space 629760K, 97% used [0x00000000c0000000,0x00000000e5a20500,0x00000000e6700000)
 Metaspace       used 91470K, committed 92608K, reserved 1179648K
  class space    used 8682K, committed 9216K, reserved 1048576K
}
Event: 14313.591 GC heap after
{Heap after GC invocations=9201 (full 202):
 PSYoungGen      total 12800K, used 1455K [0x00000000eab00000, 0x00000000ebd80000, 0x0000000100000000)
  eden space 11264K, 0% used [0x00000000eab00000,0x00000000eab00000,0x00000000eb600000)
  from space 1536K, 94% used [0x00000000eb600000,0x00000000eb76bfc8,0x00000000eb780000)
  to   space 3584K, 0% used [0x00000000eba00000,0x00000000eba00000,0x00000000ebd80000)
 ParOldGen       total 629760K, used 618609K [0x00000000c0000000, 0x00000000e6700000, 0x00000000eab00000)
  object space 629760K, 98% used [0x00000000c0000000,0x00000000e5c1c520,0x00000000e6700000)
 Metaspace       used 91470K, committed 92608K, reserved 1179648K
  class space    used 8682K, committed 9216K, reserved 1048576K
}
Event: 14313.601 GC heap before
{Heap before GC invocations=9202 (full 202):
 PSYoungGen      total 12800K, used 12719K [0x00000000eab00000, 0x00000000ebd80000, 0x0000000100000000)
  eden space 11264K, 100% used [0x00000000eab00000,0x00000000eb600000,0x00000000eb600000)
  from space 1536K, 94% used [0x00000000eb600000,0x00000000eb76bfc8,0x00000000eb780000)
  to   space 3584K, 0% used [0x00000000eba00000,0x00000000eba00000,0x00000000ebd80000)
 ParOldGen       total 629760K, used 618609K [0x00000000c0000000, 0x00000000e6700000, 0x00000000eab00000)
  object space 629760K, 98% used [0x00000000c0000000,0x00000000e5c1c520,0x00000000e6700000)
 Metaspace       used 91470K, committed 92608K, reserved 1179648K
  class space    used 8682K, committed 9216K, reserved 1048576K
}
Event: 14313.603 GC heap after
{Heap after GC invocations=9202 (full 202):
 PSYoungGen      total 14336K, used 1510K [0x00000000eab00000, 0x00000000ebb80000, 0x0000000100000000)
  eden space 12800K, 0% used [0x00000000eab00000,0x00000000eab00000,0x00000000eb780000)
  from space 1536K, 98% used [0x00000000eba00000,0x00000000ebb79888,0x00000000ebb80000)
  to   space 2048K, 0% used [0x00000000eb780000,0x00000000eb780000,0x00000000eb980000)
 ParOldGen       total 629760K, used 618609K [0x00000000c0000000, 0x00000000e6700000, 0x00000000eab00000)
  object space 629760K, 98% used [0x00000000c0000000,0x00000000e5c1c520,0x00000000e6700000)
 Metaspace       used 91470K, committed 92608K, reserved 1179648K
  class space    used 8682K, committed 9216K, reserved 1048576K
}
Event: 14313.774 GC heap before
{Heap before GC invocations=9203 (full 202):
 PSYoungGen      total 14336K, used 14310K [0x00000000eab00000, 0x00000000ebb80000, 0x0000000100000000)
  eden space 12800K, 100% used [0x00000000eab00000,0x00000000eb780000,0x00000000eb780000)
  from space 1536K, 98% used [0x00000000eba00000,0x00000000ebb79888,0x00000000ebb80000)
  to   space 2048K, 0% used [0x00000000eb780000,0x00000000eb780000,0x00000000eb980000)
 ParOldGen       total 629760K, used 618609K [0x00000000c0000000, 0x00000000e6700000, 0x00000000eab00000)
  object space 629760K, 98% used [0x00000000c0000000,0x00000000e5c1c520,0x00000000e6700000)
 Metaspace       used 91470K, committed 92608K, reserved 1179648K
  class space    used 8682K, committed 9216K, reserved 1048576K
}
Event: 14313.776 GC heap after
{Heap after GC invocations=9203 (full 202):
 PSYoungGen      total 14336K, used 1442K [0x00000000eab00000, 0x00000000eba80000, 0x0000000100000000)
  eden space 12800K, 0% used [0x00000000eab00000,0x00000000eab00000,0x00000000eb780000)
  from space 1536K, 93% used [0x00000000eb780000,0x00000000eb8e89a0,0x00000000eb900000)
  to   space 1536K, 0% used [0x00000000eb900000,0x00000000eb900000,0x00000000eba80000)
 ParOldGen       total 629760K, used 618609K [0x00000000c0000000, 0x00000000e6700000, 0x00000000eab00000)
  object space 629760K, 98% used [0x00000000c0000000,0x00000000e5c1c520,0x00000000e6700000)
 Metaspace       used 91470K, committed 92608K, reserved 1179648K
  class space    used 8682K, committed 9216K, reserved 1048576K
}
Event: 14313.783 GC heap before
{Heap before GC invocations=9204 (full 202):
 PSYoungGen      total 14336K, used 14242K [0x00000000eab00000, 0x00000000eba80000, 0x0000000100000000)
  eden space 12800K, 100% used [0x00000000eab00000,0x00000000eb780000,0x00000000eb780000)
  from space 1536K, 93% used [0x00000000eb780000,0x00000000eb8e89a0,0x00000000eb900000)
  to   space 1536K, 0% used [0x00000000eb900000,0x00000000eb900000,0x00000000eba80000)
 ParOldGen       total 629760K, used 618609K [0x00000000c0000000, 0x00000000e6700000, 0x00000000eab00000)
  object space 629760K, 98% used [0x00000000c0000000,0x00000000e5c1c520,0x00000000e6700000)
 Metaspace       used 91470K, committed 92608K, reserved 1179648K
  class space    used 8682K, committed 9216K, reserved 1048576K
}
Event: 14313.785 GC heap after
{Heap after GC invocations=9204 (full 202):
 PSYoungGen      total 14336K, used 1458K [0x00000000eab00000, 0x00000000ebc00000, 0x0000000100000000)
  eden space 12800K, 0% used [0x00000000eab00000,0x00000000eab00000,0x00000000eb780000)
  from space 1536K, 94% used [0x00000000eb900000,0x00000000eba6c990,0x00000000eba80000)
  to   space 1536K, 0% used [0x00000000eb780000,0x00000000eb780000,0x00000000eb900000)
 ParOldGen       total 629760K, used 618609K [0x00000000c0000000, 0x00000000e6700000, 0x00000000eab00000)
  object space 629760K, 98% used [0x00000000c0000000,0x00000000e5c1c520,0x00000000e6700000)
 Metaspace       used 91470K, committed 92608K, reserved 1179648K
  class space    used 8682K, committed 9216K, reserved 1048576K
}
Event: 14332.635 GC heap before
{Heap before GC invocations=9205 (full 202):
 PSYoungGen      total 14336K, used 14258K [0x00000000eab00000, 0x00000000ebc00000, 0x0000000100000000)
  eden space 12800K, 100% used [0x00000000eab00000,0x00000000eb780000,0x00000000eb780000)
  from space 1536K, 94% used [0x00000000eb900000,0x00000000eba6c990,0x00000000eba80000)
  to   space 1536K, 0% used [0x00000000eb780000,0x00000000eb780000,0x00000000eb900000)
 ParOldGen       total 629760K, used 618609K [0x00000000c0000000, 0x00000000e6700000, 0x00000000eab00000)
  object space 629760K, 98% used [0x00000000c0000000,0x00000000e5c1c520,0x00000000e6700000)
 Metaspace       used 91474K, committed 92672K, reserved 1179648K
  class space    used 8683K, committed 9216K, reserved 1048576K
}
Event: 14332.637 GC heap after
{Heap after GC invocations=9205 (full 202):
 PSYoungGen      total 14336K, used 1520K [0x00000000eab00000, 0x00000000ebc00000, 0x0000000100000000)
  eden space 12800K, 0% used [0x00000000eab00000,0x00000000eab00000,0x00000000eb780000)
  from space 1536K, 99% used [0x00000000eb780000,0x00000000eb8fc300,0x00000000eb900000)
  to   space 1536K, 0% used [0x00000000eb900000,0x00000000eb900000,0x00000000eba80000)
 ParOldGen       total 629760K, used 619833K [0x00000000c0000000, 0x00000000e6700000, 0x00000000eab00000)
  object space 629760K, 98% used [0x00000000c0000000,0x00000000e5d4e550,0x00000000e6700000)
 Metaspace       used 91474K, committed 92672K, reserved 1179648K
  class space    used 8683K, committed 9216K, reserved 1048576K
}

